E, [2017-01-29T11:20:16.710745 #14670] ERROR -- Kitchen: ------Exception-------
E, [2017-01-29T11:20:16.710865 #14670] ERROR -- Kitchen: Class: Kitchen::UserError
E, [2017-01-29T11:20:16.710896 #14670] ERROR -- Kitchen: Message: Instance <default-centos-64> has not yet been created
E, [2017-01-29T11:20:16.710913 #14670] ERROR -- Kitchen: ------Backtrace-------
E, [2017-01-29T11:20:16.710927 #14670] ERROR -- Kitchen: /home/vcenan/.rvm/gems/ruby-2.1.7/gems/test-kitchen-1.4.2/lib/kitchen/instance.rb:209:in `login'
E, [2017-01-29T11:20:16.710941 #14670] ERROR -- Kitchen: /home/vcenan/.rvm/gems/ruby-2.1.7/gems/test-kitchen-1.4.2/lib/kitchen/command/login.rb:39:in `call'
E, [2017-01-29T11:20:16.710953 #14670] ERROR -- Kitchen: /home/vcenan/.rvm/gems/ruby-2.1.7/gems/test-kitchen-1.4.2/lib/kitchen/cli.rb:56:in `perform'
E, [2017-01-29T11:20:16.710966 #14670] ERROR -- Kitchen: /home/vcenan/.rvm/gems/ruby-2.1.7/gems/test-kitchen-1.4.2/lib/kitchen/cli.rb:224:in `login'
E, [2017-01-29T11:20:16.710978 #14670] ERROR -- Kitchen: /home/vcenan/.rvm/gems/ruby-2.1.7/gems/thor-0.19.1/lib/thor/command.rb:27:in `run'
E, [2017-01-29T11:20:16.710990 #14670] ERROR -- Kitchen: /home/vcenan/.rvm/gems/ruby-2.1.7/gems/thor-0.19.1/lib/thor/invocation.rb:126:in `invoke_command'
E, [2017-01-29T11:20:16.711002 #14670] ERROR -- Kitchen: /home/vcenan/.rvm/gems/ruby-2.1.7/gems/test-kitchen-1.4.2/lib/kitchen/cli.rb:308:in `invoke_task'
E, [2017-01-29T11:20:16.711013 #14670] ERROR -- Kitchen: /home/vcenan/.rvm/gems/ruby-2.1.7/gems/thor-0.19.1/lib/thor.rb:359:in `dispatch'
E, [2017-01-29T11:20:16.711025 #14670] ERROR -- Kitchen: /home/vcenan/.rvm/gems/ruby-2.1.7/gems/thor-0.19.1/lib/thor/base.rb:440:in `start'
E, [2017-01-29T11:20:16.711036 #14670] ERROR -- Kitchen: /home/vcenan/.rvm/gems/ruby-2.1.7/gems/test-kitchen-1.4.2/bin/kitchen:13:in `block in <top (required)>'
E, [2017-01-29T11:20:16.711049 #14670] ERROR -- Kitchen: /home/vcenan/.rvm/gems/ruby-2.1.7/gems/test-kitchen-1.4.2/lib/kitchen/errors.rb:154:in `with_friendly_errors'
E, [2017-01-29T11:20:16.711061 #14670] ERROR -- Kitchen: /home/vcenan/.rvm/gems/ruby-2.1.7/gems/test-kitchen-1.4.2/bin/kitchen:13:in `<top (required)>'
E, [2017-01-29T11:20:16.711073 #14670] ERROR -- Kitchen: /home/vcenan/.rvm/gems/ruby-2.1.7/bin/kitchen:22:in `load'
E, [2017-01-29T11:20:16.711084 #14670] ERROR -- Kitchen: /home/vcenan/.rvm/gems/ruby-2.1.7/bin/kitchen:22:in `<main>'
E, [2017-01-29T11:20:16.711096 #14670] ERROR -- Kitchen: /home/vcenan/.rvm/gems/ruby-2.1.7/bin/ruby_executable_hooks:15:in `eval'
E, [2017-01-29T11:20:16.711108 #14670] ERROR -- Kitchen: /home/vcenan/.rvm/gems/ruby-2.1.7/bin/ruby_executable_hooks:15:in `<main>'
E, [2017-01-29T11:20:16.711141 #14670] ERROR -- Kitchen: ----------------------
